2024-05-30 13:20:45,724 [INFO] Activator:176 - 


2024-05-30 13:20:45,729 [INFO] Activator:177 - !SESSION log4j initialized
2024-05-30 13:20:47,199 [INFO] LogOutputStream:77 - [STDOUT_REDIRECT] 
2024-05-30 13:20:48,771 [ERROR] ApiDbMcu:1639 - Can't use Application install path:
2024-05-30 13:20:48,773 [WARN] RulesReader:66 - Compatibility file://mcu/compatibility.xml not found
2024-05-30 13:20:50,206 [ERROR] LogOutputStream:75 - [STDERR_REDIRECT] 
2024-05-30 13:20:52,946 [INFO] LogOutputStream:77 - [STDOUT_REDIRECT] 
2024-05-30 13:20:53,713 [INFO] ApplicationProperties:184 - Using Application install path: /Applications/STM32CubeIDE.app/Contents/Eclipse/plugins/com.st.stm32cube.common.mx_6.9.2.202309101412
2024-05-30 13:20:53,722 [INFO] DbMcusXml:78 - Set database path to: /Applications/STM32CubeIDE.app/Contents/Eclipse/plugins/com.st.stm32cube.common.mx_6.9.2.202309101412//db//mcu/
2024-05-30 13:20:53,722 [INFO] ApiDb:274 - Set plugin database path to: /Applications/STM32CubeIDE.app/Contents/Eclipse/plugins/com.st.stm32cube.common.mx_6.9.2.202309101412//db//plugins/boardmanager/
2024-05-30 13:20:53,722 [WARN] ApiDb:259 - Overriding images path with different value:  => /Applications/STM32CubeIDE.app/Contents/Eclipse/plugins/com.st.stm32cube.common.mx_6.9.2.202309101412//db//plugins/mcufinder/images/
2024-05-30 13:20:53,734 [INFO] ApiDb:250 - Set database path to: /Users/joshua/.stmcufinder/plugins/mcufinder//mcu/
2024-05-30 13:20:53,736 [INFO] DbMcusAds:125 - Set database path to: /Users/joshua/.stmcufinder/plugins/mcufinder//mcu/
2024-05-30 13:20:53,737 [INFO] CrossReferenceDbSqlite:203 - Set database path to: /Users/joshua/.stmcufinder/plugins/mcufinder//mcu/cs/
2024-05-30 13:20:53,784 [INFO] DbMcusXml:78 - Set database path to: /Applications/STM32CubeIDE.app/Contents/Eclipse/plugins/com.st.stm32cube.common.mx_6.9.2.202309101412//db//mcu/
2024-05-30 13:20:53,785 [INFO] ApiDb:274 - Set plugin database path to: /Applications/STM32CubeIDE.app/Contents/Eclipse/plugins/com.st.stm32cube.common.mx_6.9.2.202309101412//db//plugins/boardmanager/
2024-05-30 13:20:53,785 [INFO] ApiDb:261 - Set plugin images path to: /Applications/STM32CubeIDE.app/Contents/Eclipse/plugins/com.st.stm32cube.common.mx_6.9.2.202309101412//db//plugins/mcufinder/images/
2024-05-30 13:20:53,788 [WARN] DbFile:41 - Overriding database path with different value: /Users/joshua/.stmcufinder/plugins/mcufinder/ => /Users/joshua/.stmcufinder/plugins/mcufinder
2024-05-30 13:20:53,788 [INFO] ApiDb:250 - Set database path to: /Users/joshua/.stmcufinder/plugins/mcufinder//mcu/
2024-05-30 13:20:53,788 [WARN] DbFile:41 - Overriding database path with different value: /Users/joshua/.stmcufinder/plugins/mcufinder/ => /Users/joshua/.stmcufinder/plugins/mcufinder
2024-05-30 13:20:53,788 [INFO] DbMcusAds:125 - Set database path to: /Users/joshua/.stmcufinder/plugins/mcufinder//mcu/
2024-05-30 13:20:53,788 [WARN] DbFile:41 - Overriding database path with different value: /Users/joshua/.stmcufinder/plugins/mcufinder/ => /Users/joshua/.stmcufinder/plugins/mcufinder
2024-05-30 13:20:53,788 [WARN] DbFile:41 - Overriding database path with different value: /Users/joshua/.stmcufinder/plugins/mcufinder/ => /Users/joshua/.stmcufinder/plugins/mcufinder
2024-05-30 13:20:53,788 [INFO] CrossReferenceDbSqlite:203 - Set database path to: /Users/joshua/.stmcufinder/plugins/mcufinder//mcu/cs/
2024-05-30 13:20:53,850 [INFO] MainPanel:262 - HeapMemory: 268435456
2024-05-30 13:20:53,926 [INFO] DbMcusXml:78 - Set database path to: /Applications/STM32CubeIDE.app/Contents/Eclipse/plugins/com.st.stm32cube.common.mx_6.9.2.202309101412//db//mcu/
2024-05-30 13:20:53,927 [INFO] ApiDb:274 - Set plugin database path to: /Applications/STM32CubeIDE.app/Contents/Eclipse/plugins/com.st.stm32cube.common.mx_6.9.2.202309101412//db//plugins/boardmanager/
2024-05-30 13:20:53,927 [INFO] ApiDb:261 - Set plugin images path to: /Applications/STM32CubeIDE.app/Contents/Eclipse/plugins/com.st.stm32cube.common.mx_6.9.2.202309101412//db//plugins/mcufinder/images/
2024-05-30 13:20:53,927 [WARN] DbFile:41 - Overriding database path with different value: /Users/joshua/.stmcufinder/plugins/mcufinder/ => /Users/joshua/.stmcufinder/plugins/mcufinder
2024-05-30 13:20:53,927 [INFO] ApiDb:250 - Set database path to: /Users/joshua/.stmcufinder/plugins/mcufinder//mcu/
2024-05-30 13:20:53,928 [WARN] DbFile:41 - Overriding database path with different value: /Users/joshua/.stmcufinder/plugins/mcufinder/ => /Users/joshua/.stmcufinder/plugins/mcufinder
2024-05-30 13:20:53,928 [INFO] DbMcusAds:125 - Set database path to: /Users/joshua/.stmcufinder/plugins/mcufinder//mcu/
2024-05-30 13:20:53,928 [WARN] DbFile:41 - Overriding database path with different value: /Users/joshua/.stmcufinder/plugins/mcufinder/ => /Users/joshua/.stmcufinder/plugins/mcufinder
2024-05-30 13:20:53,928 [WARN] DbFile:41 - Overriding database path with different value: /Users/joshua/.stmcufinder/plugins/mcufinder/ => /Users/joshua/.stmcufinder/plugins/mcufinder
2024-05-30 13:20:53,928 [INFO] CrossReferenceDbSqlite:203 - Set database path to: /Users/joshua/.stmcufinder/plugins/mcufinder//mcu/cs/
2024-05-30 13:20:53,944 [INFO] ApplicationProperties:184 - Using Application install path: /Applications/STM32CubeIDE.app/Contents/Eclipse/plugins/com.st.stm32cube.common.mx_6.9.2.202309101412
2024-05-30 13:20:53,945 [INFO] PluginManage:196 - Search for loadable plugins [exclusion list=, ]
2024-05-30 13:20:53,946 [INFO] PluginManage:310 - Check plugin analytics
2024-05-30 13:20:54,183 [INFO] AnalyticsPlugin:253 - Accepted Software Licenses: 
2024-05-30 13:20:54,183 [INFO] AnalyticsPlugin:255 - Accepted CMSIS Pack Licenses: 
2024-05-30 13:20:54,183 [INFO] AnalyticsPlugin:257 - Accepted Firmware Licenses: 
2024-05-30 13:20:54,193 [INFO] PluginManage:359 - Loaded plugin analytics (category:tool,tabindex:-1)
2024-05-30 13:20:54,194 [INFO] PluginManage:310 - Check plugin cadmodel
2024-05-30 13:20:54,537 [INFO] CADModel:105 - Init CAD model plugin
2024-05-30 13:20:54,538 [INFO] PluginManage:359 - Loaded plugin cadmodel (category:power,tabindex:5)
2024-05-30 13:20:54,539 [INFO] PluginManage:310 - Check plugin clock
2024-05-30 13:20:54,548 [INFO] PluginManage:359 - Loaded plugin clock (category:base,tabindex:2)
2024-05-30 13:20:54,548 [INFO] PluginManage:310 - Check plugin ddr
2024-05-30 13:20:54,550 [INFO] PluginManage:359 - Loaded plugin ddr (category:tool,tabindex:6)
2024-05-30 13:20:54,551 [INFO] PluginManage:310 - Check plugin filemanager
2024-05-30 13:20:54,672 [INFO] PluginManage:359 - Loaded plugin filemanager (category:base,tabindex:10)
2024-05-30 13:20:54,673 [INFO] PluginManage:310 - Check plugin ipmanager
2024-05-30 13:20:54,680 [INFO] PluginManage:359 - Loaded plugin ipmanager (category:base,tabindex:5)
2024-05-30 13:20:54,681 [INFO] PluginManage:310 - Check plugin lpbam
2024-05-30 13:20:54,688 [INFO] PluginManage:359 - Loaded plugin lpbam (category:base,tabindex:0)
2024-05-30 13:20:54,688 [INFO] PluginManage:310 - Check plugin memorymap
2024-05-30 13:20:54,698 [INFO] PluginManage:359 - Loaded plugin memorymap (category:base,tabindex:4)
2024-05-30 13:20:54,698 [INFO] PluginManage:310 - Check plugin pinoutandconfiguration
2024-05-30 13:20:54,704 [INFO] PluginManage:359 - Loaded plugin pinoutandconfiguration (category:base,tabindex:1)
2024-05-30 13:20:54,705 [INFO] PluginManage:310 - Check plugin pinoutconfig
2024-05-30 13:20:54,800 [WARN] SupportedApi:132 - Cannot load RTOS API schema: s4s-elt-must-match.1: The content of 'definitions' must match (annotation?, (simpleType | complexType)?, (unique | key | keyref)*)). A problem was found starting at: attribute.
2024-05-30 13:20:54,951 [INFO] PluginManage:359 - Loaded plugin pinoutconfig (category:base,tabindex:0)
2024-05-30 13:20:54,951 [INFO] PluginManage:310 - Check plugin power
2024-05-30 13:20:54,960 [INFO] PluginManage:359 - Loaded plugin power (category:power,tabindex:4)
2024-05-30 13:20:54,961 [INFO] PluginManage:310 - Check plugin projectmanager
2024-05-30 13:20:54,987 [INFO] PluginManage:359 - Loaded plugin projectmanager (category:projectmanager,tabindex:3)
2024-05-30 13:20:54,988 [INFO] PluginManage:310 - Check plugin thirdparty
2024-05-30 13:20:55,270 [INFO] PluginManage:359 - Loaded plugin thirdparty (category:base,tabindex:-1)
2024-05-30 13:20:55,273 [INFO] PluginManage:310 - Check plugin tools
2024-05-30 13:20:55,270 [WARN] IntegrityCheckThread:84 - waiting for thirdparty lock release [integrity check]
2024-05-30 13:20:55,275 [INFO] IntegrityCheckThread:86 - entering critical section [integrity check]
2024-05-30 13:20:55,276 [INFO] ThirdPartyUpdaterWithRetryManager:70 - Updater plugin not ready yet. [1/15]
2024-05-30 13:20:55,281 [INFO] PluginManage:359 - Loaded plugin tools (category:base,tabindex:7)
2024-05-30 13:20:55,281 [INFO] PluginManage:310 - Check plugin tutovideos
2024-05-30 13:20:55,460 [INFO] PluginManage:359 - Loaded plugin tutovideos (category:base,tabindex:-1)
2024-05-30 13:20:55,461 [INFO] PluginManage:310 - Check plugin updater
2024-05-30 13:20:55,479 [INFO] PluginManage:359 - Loaded plugin updater (category:base,tabindex:12)
2024-05-30 13:20:55,479 [INFO] PluginManage:310 - Check plugin userauth
2024-05-30 13:20:55,484 [INFO] UserAuth:113 - Init User Auth plugin
2024-05-30 13:20:55,484 [INFO] PluginManage:359 - Loaded plugin userauth (category:base,tabindex:14)
2024-05-30 13:20:55,484 [INFO] PluginManage:283 - PluginManage : Loaded plugins [17]
2024-05-30 13:20:55,719 [INFO] PinOutPanel:1499 - setPackage(No Configuration,No Configuration)
2024-05-30 13:20:55,820 [INFO] CADModel:165 - CPN selected for project level
2024-05-30 13:20:55,820 [INFO] CADModel:114 - Register for checkConnection events
2024-05-30 13:20:55,830 [INFO] IPUIPlugin:80 - create IPUIPlugin
2024-05-30 13:20:55,830 [INFO] PluginManager:220 - loadIPPluginJar : add mdma
2024-05-30 13:20:55,836 [INFO] IPUIPlugin:80 - create IPUIPlugin
2024-05-30 13:20:55,837 [INFO] PluginManager:220 - loadIPPluginJar : add freertos
2024-05-30 13:20:55,840 [INFO] IPUIPlugin:80 - create IPUIPlugin
2024-05-30 13:20:55,840 [INFO] PluginManager:220 - loadIPPluginJar : add gic
2024-05-30 13:20:55,845 [INFO] IPUIPlugin:80 - create IPUIPlugin
2024-05-30 13:20:55,845 [INFO] PluginManager:220 - loadIPPluginJar : add adc
2024-05-30 13:20:55,848 [INFO] IPUIPlugin:80 - create IPUIPlugin
2024-05-30 13:20:55,848 [INFO] PluginManager:220 - loadIPPluginJar : add gtzc
2024-05-30 13:20:55,849 [INFO] IPUIPlugin:80 - create IPUIPlugin
2024-05-30 13:20:55,849 [INFO] PluginManager:220 - loadIPPluginJar : add quadspi
2024-05-30 13:20:55,850 [INFO] IPUIPlugin:80 - create IPUIPlugin
2024-05-30 13:20:55,850 [INFO] PluginManager:220 - loadIPPluginJar : add aes
2024-05-30 13:20:55,852 [INFO] IPUIPlugin:80 - create IPUIPlugin
2024-05-30 13:20:55,852 [INFO] PluginManager:220 - loadIPPluginJar : add pdm2pcm
2024-05-30 13:20:55,853 [INFO] IPUIPlugin:80 - create IPUIPlugin
2024-05-30 13:20:55,853 [INFO] PluginManager:220 - loadIPPluginJar : add hash
2024-05-30 13:20:55,855 [INFO] IPUIPlugin:80 - create IPUIPlugin
2024-05-30 13:20:55,855 [INFO] PluginManager:220 - loadIPPluginJar : add tim
2024-05-30 13:20:55,856 [INFO] IPUIPlugin:80 - create IPUIPlugin
2024-05-30 13:20:55,856 [INFO] PluginManager:220 - loadIPPluginJar : add tsc
2024-05-30 13:20:55,858 [INFO] IPUIPlugin:80 - create IPUIPlugin
2024-05-30 13:20:55,858 [INFO] PluginManager:220 - loadIPPluginJar : add ts
2024-05-30 13:20:55,865 [INFO] IPUIPlugin:80 - create IPUIPlugin
2024-05-30 13:20:55,865 [INFO] PluginManager:220 - loadIPPluginJar : add can
2024-05-30 13:20:55,869 [INFO] IPUIPlugin:80 - create IPUIPlugin
2024-05-30 13:20:55,869 [INFO] PluginManager:220 - loadIPPluginJar : add dma3
2024-05-30 13:20:55,871 [INFO] IPUIPlugin:80 - create IPUIPlugin
2024-05-30 13:20:55,872 [INFO] PluginManager:220 - loadIPPluginJar : add dfsdm
2024-05-30 13:20:55,873 [INFO] IPUIPlugin:80 - create IPUIPlugin
2024-05-30 13:20:55,874 [INFO] PluginManager:220 - loadIPPluginJar : add spi
2024-05-30 13:20:55,875 [INFO] IPUIPlugin:80 - create IPUIPlugin
2024-05-30 13:20:55,875 [INFO] PluginManager:220 - loadIPPluginJar : add gfxmmu
2024-05-30 13:20:55,876 [INFO] IPUIPlugin:80 - create IPUIPlugin
2024-05-30 13:20:55,876 [INFO] PluginManager:220 - loadIPPluginJar : add genericplugin
2024-05-30 13:20:55,879 [INFO] IPUIPlugin:80 - create IPUIPlugin
2024-05-30 13:20:55,879 [INFO] PluginManager:220 - loadIPPluginJar : add cryp
2024-05-30 13:20:55,881 [INFO] IPUIPlugin:80 - create IPUIPlugin
2024-05-30 13:20:55,881 [INFO] PluginManager:220 - loadIPPluginJar : add gpio
2024-05-30 13:20:55,882 [INFO] IPUIPlugin:80 - create IPUIPlugin
2024-05-30 13:20:55,882 [INFO] PluginManager:220 - loadIPPluginJar : add comp
2024-05-30 13:20:55,883 [INFO] IPUIPlugin:80 - create IPUIPlugin
2024-05-30 13:20:55,884 [INFO] PluginManager:220 - loadIPPluginJar : add tracer_emb
2024-05-30 13:20:55,886 [INFO] IPUIPlugin:80 - create IPUIPlugin
2024-05-30 13:20:55,886 [INFO] PluginManager:220 - loadIPPluginJar : add openamp
2024-05-30 13:20:55,889 [INFO] IPUIPlugin:80 - create IPUIPlugin
2024-05-30 13:20:55,889 [INFO] PluginManager:220 - loadIPPluginJar : add stm32_wpan
2024-05-30 13:20:55,892 [INFO] IPUIPlugin:80 - create IPUIPlugin
2024-05-30 13:20:55,895 [INFO] PluginManager:220 - loadIPPluginJar : add plateformsettings
2024-05-30 13:20:55,897 [INFO] IPUIPlugin:80 - create IPUIPlugin
2024-05-30 13:20:55,897 [INFO] PluginManager:220 - loadIPPluginJar : add ipddr
2024-05-30 13:20:55,902 [INFO] IPUIPlugin:80 - create IPUIPlugin
2024-05-30 13:20:55,902 [INFO] PluginManager:220 - loadIPPluginJar : add usart
2024-05-30 13:20:55,903 [INFO] IPUIPlugin:80 - create IPUIPlugin
2024-05-30 13:20:55,903 [INFO] PluginManager:220 - loadIPPluginJar : add ltdc
2024-05-30 13:20:55,905 [INFO] IPUIPlugin:80 - create IPUIPlugin
2024-05-30 13:20:55,905 [INFO] PluginManager:220 - loadIPPluginJar : add nvic
2024-05-30 13:20:55,906 [INFO] IPUIPlugin:80 - create IPUIPlugin
2024-05-30 13:20:55,906 [INFO] PluginManager:220 - loadIPPluginJar : add fatfs
2024-05-30 13:20:55,913 [INFO] IPUIPlugin:80 - create IPUIPlugin
2024-05-30 13:20:55,913 [INFO] PluginManager:220 - loadIPPluginJar : add linkedlist
2024-05-30 13:20:55,918 [INFO] IPUIPlugin:80 - create IPUIPlugin
2024-05-30 13:20:55,918 [INFO] PluginManager:220 - loadIPPluginJar : add dma
2024-05-30 13:20:55,921 [INFO] IPUIPlugin:80 - create IPUIPlugin
2024-05-30 13:20:55,921 [INFO] PluginManager:220 - loadIPPluginJar : add fmc
2024-05-30 13:20:55,923 [INFO] IPUIPlugin:80 - create IPUIPlugin
2024-05-30 13:20:55,923 [INFO] PluginManager:220 - loadIPPluginJar : add i2s
2024-05-30 13:20:55,924 [INFO] IPUIPlugin:80 - create IPUIPlugin
2024-05-30 13:20:55,924 [INFO] PluginManager:220 - loadIPPluginJar : add ucpd
2024-05-30 13:20:55,925 [INFO] IPUIPlugin:80 - create IPUIPlugin
2024-05-30 13:20:55,925 [INFO] PluginManager:220 - loadIPPluginJar : add lorawan
2024-05-30 13:20:55,927 [INFO] IPUIPlugin:80 - create IPUIPlugin
2024-05-30 13:20:55,927 [INFO] PluginManager:220 - loadIPPluginJar : add opamp
2024-05-30 13:20:55,928 [INFO] IPUIPlugin:80 - create IPUIPlugin
2024-05-30 13:20:55,928 [INFO] PluginManager:220 - loadIPPluginJar : add i3c
2024-05-30 13:20:55,929 [INFO] IPUIPlugin:80 - create IPUIPlugin
2024-05-30 13:20:55,929 [INFO] PluginManager:220 - loadIPPluginJar : add touchsensing
2024-05-30 13:20:55,930 [INFO] IPUIPlugin:80 - create IPUIPlugin
2024-05-30 13:20:55,930 [INFO] PluginManager:220 - loadIPPluginJar : add i2c
2024-05-30 13:20:55,933 [INFO] IPUIPlugin:80 - create IPUIPlugin
2024-05-30 13:20:55,933 [INFO] PluginManager:220 - loadIPPluginJar : add resmgrutility
2024-05-30 13:20:55,936 [INFO] IPUIPlugin:80 - create IPUIPlugin
2024-05-30 13:20:55,936 [INFO] PluginManager:220 - loadIPPluginJar : add sai
2024-05-30 13:20:55,938 [INFO] IPUIPlugin:80 - create IPUIPlugin
2024-05-30 13:20:55,938 [INFO] PluginManager:220 - loadIPPluginJar : add usbx
2024-05-30 13:20:56,080 [INFO] CADModel:165 - CPN selected for project level
2024-05-30 13:20:56,080 [INFO] CADModel:114 - Register for checkConnection events
2024-05-30 13:20:56,081 [FATAL] Updater:308 - Updater called before beeing initialized
2024-05-30 13:20:56,081 [ERROR] CADModel:125 - Updater not yet initialized, retry later 
2024-05-30 13:20:56,295 [INFO] CADModel:165 - CPN selected for project level
2024-05-30 13:20:56,295 [INFO] CADModel:114 - Register for checkConnection events
2024-05-30 13:20:56,295 [FATAL] Updater:308 - Updater called before beeing initialized
2024-05-30 13:20:56,295 [ERROR] CADModel:125 - Updater not yet initialized, retry later 
2024-05-30 13:20:56,298 [FATAL] Updater:308 - Updater called before beeing initialized
2024-05-30 13:20:56,465 [FATAL] Updater:308 - Updater called before beeing initialized
2024-05-30 13:20:56,469 [INFO] DbMcusAds:53 - JSON generation date=Thu May 16 19:22:00 AEST 2024 (1715851320852)
2024-05-30 13:20:56,470 [FATAL] Updater:308 - Updater called before beeing initialized
2024-05-30 13:20:56,591 [WARN] DetailPanel:346 - Failed to get advertising image, set to default
2024-05-30 13:20:56,661 [FATAL] Updater:308 - Updater called before beeing initialized
2024-05-30 13:20:56,663 [FATAL] Updater:308 - Updater called before beeing initialized
2024-05-30 13:20:56,663 [FATAL] Updater:308 - Updater called before beeing initialized
2024-05-30 13:20:56,663 [WARN] DetailPanel:346 - Failed to get advertising image, set to default
2024-05-30 13:20:56,664 [FATAL] Updater:308 - Updater called before beeing initialized
2024-05-30 13:20:56,731 [ERROR] Updater:1120 - MainUpdater not yet initialized. External WinMGr cannot be set.
2024-05-30 13:20:56,762 [INFO] Updater:1056 - Updater Version found : 6.9.2
2024-05-30 13:20:56,775 [INFO] ApplicationProperties:184 - Using Application install path: /Applications/STM32CubeIDE.app/Contents/Eclipse/plugins/com.st.stm32cube.common.mx_6.9.2.202309101412
2024-05-30 13:20:56,868 [INFO] MainUpdater:521 - Copy updater definitions from MX database
2024-05-30 13:20:56,937 [INFO] MainUpdater:2868 - connection check result : 10
2024-05-30 13:20:56,938 [INFO] MainUpdater:3562 - Updater definition file requires update
2024-05-30 13:20:56,938 [INFO] MainUpdater:285 - Updater Check For Update Now.
2024-05-30 13:20:56,938 [INFO] MicroXplorer:498 - Change Database Version : DB.6.0.92
2024-05-30 13:20:56,942 [INFO] McuFinderGlobals:63 - Set McuFinder mode to 2 (CubeIDE integrated)
2024-05-30 13:20:56,996 [ERROR] AdobePublisher:162 - Exception while opening the connection: java.net.ConnectException: Connection refused
2024-05-30 13:20:56,997 [ERROR] AdobePublisher:162 - Exception while opening the connection: java.net.ConnectException: Connection refused
2024-05-30 13:20:56,998 [ERROR] AdobePublisher:162 - Exception while opening the connection: java.net.ConnectException: Connection refused
2024-05-30 13:20:56,998 [ERROR] AdobePublisher:162 - Exception while opening the connection: java.net.ConnectException: Connection refused
2024-05-30 13:20:56,998 [ERROR] AdobePublisher:162 - Exception while opening the connection: java.net.ConnectException: Connection refused
2024-05-30 13:20:57,083 [INFO] ServerAccessManage:473 - Download File updaters.zip
2024-05-30 13:20:57,236 [INFO] FileExtend:240 - Unzip File : updaters.zip
2024-05-30 13:20:57,238 [INFO] FileExtend:255 - Standard Zip Deflate
2024-05-30 13:20:57,570 [INFO] ServerAccessManage:473 - Download File PacksControlFlags.xml
2024-05-30 13:20:57,760 [INFO] ServerAccessManage:473 - Download File cubemx.pidx
2024-05-30 13:20:57,907 [INFO] LoadServerUpdatesThread:373 - End of LoadServerUpdate Thread
2024-05-30 13:20:58,094 [INFO] CheckServerUpdateThread:120 - End of CheckServer Thread
2024-05-30 13:20:58,425 [WARN] PackLoader:240 - Cannot read IP mode file for STMicroelectronics.FP-SNS-MOTENVWB1.1.4.0
2024-05-30 13:20:58,452 [WARN] PackLoader:240 - Cannot read IP mode file for STMicroelectronics.X-CUBE-SMBUS.2.1.0
2024-05-30 13:20:58,469 [WARN] PackLoader:240 - Cannot read IP mode file for STMicroelectronics.X-CUBE-TOUCHGFX.4.23.0
2024-05-30 13:20:58,471 [WARN] PackLoader:240 - Cannot read IP mode file for STMicroelectronics.X-CUBE-TOUCHGFX.4.23.2
2024-05-30 13:20:58,516 [WARN] PackLoader:240 - Cannot read IP mode file for STMicroelectronics.X-CUBE-AZRTOS-F7.1.1.0
2024-05-30 13:20:58,535 [WARN] PackLoader:240 - Cannot read IP mode file for STMicroelectronics.FP-SNS-MOTENV1.4.3.2
2024-05-30 13:20:58,573 [WARN] PackLoader:240 - Cannot read IP mode file for STMicroelectronics.FP-SNS-FLIGHT1.5.0.2
2024-05-30 13:20:58,591 [WARN] PackLoader:240 - Cannot read IP mode file for STMicroelectronics.X-CUBE-DISPLAY.3.0.0
2024-05-30 13:20:58,617 [WARN] PackLoader:240 - Cannot read IP mode file for STMicroelectronics.X-CUBE-BLE1.7.0.0
2024-05-30 13:20:58,634 [WARN] PackLoader:240 - Cannot read IP mode file for emotas.I-CUBE-CANOPEN.1.3.0
2024-05-30 13:20:58,643 [WARN] PackLoader:240 - Cannot read IP mode file for STMicroelectronics.X-CUBE-TOUCHGFX.4.22.1
2024-05-30 13:20:58,674 [WARN] PackLoader:240 - Cannot read IP mode file for STMicroelectronics.X-CUBE-BLEMGR.3.1.0
2024-05-30 13:20:58,694 [WARN] PackLoader:240 - Cannot read IP mode file for STMicroelectronics.FP-SNS-SMARTAG2.1.2.0
2024-05-30 13:20:58,723 [INFO] LogOutputStream:77 - [STDOUT_REDIRECT] 1 : Invalid condition id : UX_CORESTACK_Condition cause : null
2024-05-30 13:20:58,725 [INFO] LogOutputStream:77 - [STDOUT_REDIRECT] 1 : Invalid condition id : UX_CORESTACK_Condition cause : null
2024-05-30 13:20:58,726 [INFO] LogOutputStream:77 - [STDOUT_REDIRECT] 1 : Invalid condition id : UX_CORESTACK_Condition cause : null
2024-05-30 13:20:58,726 [INFO] LogOutputStream:77 - [STDOUT_REDIRECT] 1 : Invalid condition id : UX_CORESTACK_Condition cause : null
2024-05-30 13:20:58,726 [INFO] LogOutputStream:77 - [STDOUT_REDIRECT] 1 : Invalid condition id : UX_CORESTACK_Condition cause : null
2024-05-30 13:20:58,737 [WARN] PackLoader:240 - Cannot read IP mode file for STMicroelectronics.X-CUBE-AZRTOS-WL.2.0.0
2024-05-30 13:20:58,755 [WARN] PackLoader:240 - Cannot read IP mode file for STMicroelectronics.FP-SNS-MOTENV1.5.0.0
2024-05-30 13:20:58,769 [WARN] PackLoader:240 - Cannot read IP mode file for WES.I-CUBE-Cesium.1.3.0
2024-05-30 13:20:58,791 [WARN] PackLoader:240 - Cannot read IP mode file for STMicroelectronics.X-CUBE-BLE2.3.3.0
2024-05-30 13:20:58,802 [WARN] PackLoader:240 - Cannot read IP mode file for STMicroelectronics.X-CUBE-TCPP.4.1.0
2024-05-30 13:20:58,831 [WARN] PackLoader:240 - Cannot read IP mode file for STMicroelectronics.X-CUBE-ALGOBUILD.1.3.0
2024-05-30 13:20:58,869 [WARN] PackLoader:240 - Cannot read IP mode file for STMicroelectronics.X-CUBE-AZRTOS-G0.1.1.0
2024-05-30 13:20:58,893 [WARN] PackLoader:240 - Cannot read IP mode file for STMicroelectronics.X-CUBE-SAFEA1.1.2.2
2024-05-30 13:20:58,906 [WARN] PackLoader:240 - Cannot read IP mode file for STMicroelectronics.X-CUBE-NFC4.3.0.0
2024-05-30 13:20:58,922 [WARN] PackLoader:240 - Cannot read IP mode file for STMicroelectronics.X-CUBE-BLEMGR.3.0.0
2024-05-30 13:20:58,936 [WARN] PackLoader:240 - Cannot read IP mode file for STMicroelectronics.FP-ATR-SIGFOX1.3.2.0
2024-05-30 13:20:58,960 [WARN] PackLoader:240 - Cannot read IP mode file for STMicroelectronics.X-CUBE-EEPRMA1.5.1.0
2024-05-30 13:20:59,118 [WARN] PackLoader:240 - Cannot read IP mode file for SEGGER.I-CUBE-embOS.1.3.1
2024-05-30 13:20:59,191 [WARN] PackLoader:240 - Cannot read IP mode file for STMicroelectronics.X-CUBE-ALGOBUILD.1.4.0
2024-05-30 13:20:59,218 [WARN] PackLoader:240 - Cannot read IP mode file for STMicroelectronics.X-CUBE-GNSS1.6.0.0
2024-05-30 13:20:59,246 [WARN] PackLoader:240 - Cannot read IP mode file for STMicroelectronics.X-CUBE-AZRTOS-F4.1.1.0
2024-05-30 13:20:59,256 [WARN] PackLoader:240 - Cannot read IP mode file for wolfSSL.I-CUBE-wolfSSL.5.6.3
2024-05-30 13:20:59,272 [WARN] PackLoader:240 - Cannot read IP mode file for STMicroelectronics.X-CUBE-FREERTOS.1.2.0
2024-05-30 13:20:59,297 [WARN] PackLoader:240 - Cannot read IP mode file for STMicroelectronics.X-CUBE-AZRTOS-L5.2.0.0
2024-05-30 13:20:59,306 [WARN] PackLoader:240 - Cannot read IP mode file for STMicroelectronics.X-CUBE-EEPRMA1.4.2.0
2024-05-30 13:20:59,321 [WARN] PackLoader:240 - Cannot read IP mode file for STMicroelectronics.X-CUBE-NFC6.3.1.0
2024-05-30 13:20:59,330 [WARN] PackLoader:240 - Cannot read IP mode file for ITTIA_DB.I-CUBE-ITTIADB.8.8.0
2024-05-30 13:20:59,342 [WARN] PackLoader:240 - Cannot read IP mode file for STMicroelectronics.X-CUBE-BLEMGR.2.0.0
2024-05-30 13:20:59,356 [WARN] PackLoader:240 - Cannot read IP mode file for STMicroelectronics.X-CUBE-AI.9.0.0
2024-05-30 13:20:59,378 [WARN] ConditionMgr:438 - getConditionDescription Invalid condition id : UX DEVICE CLASS RTOS Condition cause : null
2024-05-30 13:20:59,379 [WARN] ConditionMgr:438 - getConditionDescription Invalid condition id : UX DEVICE CLASS RTOS Condition cause : null
2024-05-30 13:20:59,385 [WARN] PackLoader:240 - Cannot read IP mode file for STMicroelectronics.X-CUBE-AZRTOS-H7.3.1.0
2024-05-30 13:20:59,388 [WARN] ConditionMgr:1039 - genDependencies : Invalid condition id : UX DEVICE CLASS RTOS Condition cause : null
2024-05-30 13:20:59,388 [WARN] ConditionMgr:1039 - genDependencies : Invalid condition id : UX DEVICE CLASS RTOS Condition cause : null
2024-05-30 13:20:59,390 [WARN] ConditionMgr:1039 - genDependencies : Invalid condition id : UX DEVICE CLASS RTOS Condition cause : null
2024-05-30 13:20:59,391 [WARN] ConditionMgr:1039 - genDependencies : Invalid condition id : UX DEVICE CLASS RTOS Condition cause : null
2024-05-30 13:20:59,391 [WARN] ConditionMgr:1039 - genDependencies : Invalid condition id : UX DEVICE CLASS RTOS Condition cause : null
2024-05-30 13:20:59,399 [WARN] PackLoader:240 - Cannot read IP mode file for STMicroelectronics.X-CUBE-NFC7.1.0.1
2024-05-30 13:20:59,408 [WARN] PackLoader:240 - Cannot read IP mode file for STMicroelectronics.X-CUBE-NFC6.3.0.0
2024-05-30 13:20:59,420 [WARN] PackLoader:240 - Cannot read IP mode file for STMicroelectronics.X-CUBE-EEPRMA1.4.1.0
2024-05-30 13:20:59,428 [WARN] PackLoader:240 - Cannot read IP mode file for STMicroelectronics.X-CUBE-AI.8.1.0
2024-05-30 13:20:59,464 [WARN] ConditionMgr:438 - getConditionDescription Invalid condition id : LAN8742 Phy interface Condition cause : null
2024-05-30 13:20:59,466 [WARN] PackLoader:240 - Cannot read IP mode file for STMicroelectronics.X-CUBE-AZRTOS-L4.2.0.0
2024-05-30 13:20:59,472 [WARN] ConditionMgr:1039 - genDependencies : Invalid condition id : LAN8742 Phy interface Condition cause : null
2024-05-30 13:20:59,473 [WARN] ConditionMgr:1039 - genDependencies : Invalid condition id : LAN8742 Phy interface Condition cause : null
2024-05-30 13:20:59,475 [WARN] ConditionMgr:1039 - genDependencies : Invalid condition id : LAN8742 Phy interface Condition cause : null
2024-05-30 13:20:59,489 [WARN] PackLoader:240 - Cannot read IP mode file for STMicroelectronics.X-CUBE-SFXS2LP1.4.0.0
2024-05-30 13:20:59,495 [WARN] PackLoader:240 - Cannot read IP mode file for STMicroelectronics.X-CUBE-ISPU.1.1.0
2024-05-30 13:20:59,508 [WARN] ConditionMgr:438 - getConditionDescription Invalid condition id : UX DEVICE CLASS RTOS Condition cause : null
2024-05-30 13:20:59,509 [WARN] ConditionMgr:438 - getConditionDescription Invalid condition id : UX DEVICE CLASS RTOS Condition cause : null
2024-05-30 13:20:59,536 [WARN] PackLoader:240 - Cannot read IP mode file for STMicroelectronics.X-CUBE-AZRTOS-WB.2.0.0
2024-05-30 13:20:59,539 [WARN] ConditionMgr:1039 - genDependencies : Invalid condition id : UX DEVICE CLASS RTOS Condition cause : null
2024-05-30 13:20:59,539 [WARN] ConditionMgr:1039 - genDependencies : Invalid condition id : UX DEVICE CLASS RTOS Condition cause : null
2024-05-30 13:20:59,540 [WARN] ConditionMgr:1039 - genDependencies : Invalid condition id : UX DEVICE CLASS RTOS Condition cause : null
2024-05-30 13:20:59,540 [WARN] ConditionMgr:1039 - genDependencies : Invalid condition id : UX DEVICE CLASS RTOS Condition cause : null
2024-05-30 13:20:59,540 [WARN] ConditionMgr:1039 - genDependencies : Invalid condition id : UX DEVICE CLASS RTOS Condition cause : null
2024-05-30 13:20:59,564 [WARN] PackLoader:240 - Cannot read IP mode file for STMicroelectronics.X-CUBE-SUBG2.5.0.0
2024-05-30 13:20:59,577 [WARN] PackLoader:240 - Cannot read IP mode file for Cesanta.I-CUBE-Mongoose.7.13.0
2024-05-30 13:20:59,587 [WARN] PackLoader:240 - Cannot read IP mode file for STMicroelectronics.X-CUBE-TOF1.3.3.1
2024-05-30 13:20:59,616 [WARN] PackLoader:240 - Cannot read IP mode file for STMicroelectronics.X-CUBE-AZRTOS-G4.2.0.0
2024-05-30 13:20:59,647 [WARN] PackLoader:240 - Cannot read IP mode file for Infineon.AIROC-Wi-Fi-Bluetooth-STM32.1.5.1
2024-05-30 13:20:59,660 [WARN] PackLoader:240 - Cannot read IP mode file for STMicroelectronics.FP-SNS-MOTENVWB1.1.3.1
2024-05-30 13:20:59,664 [WARN] PackLoader:240 - Cannot read IP mode file for STMicroelectronics.X-CUBE-ISPU.2.0.0
2024-05-30 13:20:59,668 [WARN] PackLoader:240 - Cannot read IP mode file for STMicroelectronics.X-CUBE-ALS.1.0.2
2024-05-30 13:20:59,722 [WARN] PackLoader:240 - Cannot read IP mode file for STMicroelectronics.X-CUBE-MEMS1.10.0.0
2024-05-30 13:20:59,815 [WARN] PackLoader:240 - Cannot read IP mode file for STMicroelectronics.X-CUBE-FREERTOS.1.1.0
2024-05-30 13:20:59,821 [WARN] PackLoader:240 - Cannot read IP mode file for portGmbH.I-Cube-SoM-uGOAL.1.1.0
2024-05-30 13:20:59,830 [WARN] PackLoader:240 - Cannot read IP mode file for STMicroelectronics.X-CUBE-ALS.1.0.1
2024-05-30 13:20:59,853 [WARN] PackLoader:240 - Cannot read IP mode file for STMicroelectronics.X-CUBE-AZRTOS-H7RS.1.0.0
2024-05-30 13:20:59,860 [WARN] PackLoader:240 - Cannot read IP mode file for STMicroelectronics.FP-ATR-ASTRA1.2.0.0
2024-05-30 13:20:59,871 [WARN] PackLoader:240 - Cannot read IP mode file for STMicroelectronics.X-CUBE-TOF1.3.4.0
2024-05-30 13:20:59,891 [WARN] PackLoader:240 - Cannot read IP mode file for STMicroelectronics.X-CUBE-TOF1.3.4.1
2024-05-30 13:20:59,938 [WARN] PackLoader:240 - Cannot read IP mode file for STMicroelectronics.X-CUBE-AZRTOS-H7.3.2.0
2024-05-30 13:20:59,946 [INFO] ThirdParty:978 - Integrity check success = true
2024-05-30 13:20:59,946 [INFO] IntegrityCheckThread:100 - exiting critical section [integrity check]
2024-05-30 13:20:59,946 [INFO] IntegrityCheckThread:103 - End integrity checks thread
2024-05-30 13:21:17,731 [ERROR] LogOutputStream:75 - [STDERR_REDIRECT] SLF4J: Failed to load class "org.slf4j.impl.StaticLoggerBinder".
2024-05-30 13:21:17,733 [ERROR] LogOutputStream:75 - [STDERR_REDIRECT] SLF4J: Defaulting to no-operation (NOP) logger implementation
2024-05-30 13:21:17,733 [ERROR] LogOutputStream:75 - [STDERR_REDIRECT] SLF4J: See http://www.slf4j.org/codes.html#StaticLoggerBinder for further details.
2024-05-30 13:22:18,627 [ERROR] AdobePublisher:162 - Exception while opening the connection: java.net.ConnectException: Connection refused
2024-05-30 13:22:18,628 [ERROR] AdobePublisher:162 - Exception while opening the connection: java.net.ConnectException: Connection refused
2024-05-30 13:22:18,629 [ERROR] AdobePublisher:162 - Exception while opening the connection: java.net.ConnectException: Connection refused
2024-05-30 13:22:18,629 [ERROR] AdobePublisher:162 - Exception while opening the connection: java.net.ConnectException: Connection refused
2024-05-30 13:22:18,629 [ERROR] AdobePublisher:162 - Exception while opening the connection: java.net.ConnectException: Connection refused
2024-05-30 13:22:18,644 [ERROR] AdobePublisher:162 - Exception while opening the connection: java.net.ConnectException: Connection refused
2024-05-30 13:22:18,644 [ERROR] AdobePublisher:162 - Exception while opening the connection: java.net.ConnectException: Connection refused
2024-05-30 13:22:18,645 [ERROR] AdobePublisher:162 - Exception while opening the connection: java.net.ConnectException: Connection refused
2024-05-30 13:22:18,645 [ERROR] AdobePublisher:162 - Exception while opening the connection: java.net.ConnectException: Connection refused
2024-05-30 13:22:18,645 [ERROR] AdobePublisher:162 - Exception while opening the connection: java.net.ConnectException: Connection refused
